0 info it worked if it ends with ok
1 verbose cli [ '/usr/local/Cellar/node/5.0.0/bin/node',
1 verbose cli   '/Users/cristianrios/.node/bin/npm',
1 verbose cli   'run',
1 verbose cli   'start' ]
2 info using npm@3.4.0
3 info using node@v5.0.0
4 verbose stack Error: missing script: start
4 verbose stack     at run (/Users/cristianrios/.node/lib/node_modules/npm/lib/run-script.js:147:19)
4 verbose stack     at /Users/cristianrios/.node/lib/node_modules/npm/lib/run-script.js:57:5
4 verbose stack     at /Users/cristianrios/.node/lib/node_modules/npm/node_modules/read-package-json/read-json.js:345:5
4 verbose stack     at checkBinReferences_ (/Users/cristianrios/.node/lib/node_modules/npm/node_modules/read-package-json/read-json.js:309:45)
4 verbose stack     at final (/Users/cristianrios/.node/lib/node_modules/npm/node_modules/read-package-json/read-json.js:343:3)
4 verbose stack     at then (/Users/cristianrios/.node/lib/node_modules/npm/node_modules/read-package-json/read-json.js:113:5)
4 verbose stack     at ReadFileContext.<anonymous> (/Users/cristianrios/.node/lib/node_modules/npm/node_modules/read-package-json/read-json.js:284:20)
4 verbose stack     at ReadFileContext.callback (/Users/cristianrios/.node/lib/node_modules/npm/node_modules/graceful-fs/graceful-fs.js:76:16)
4 verbose stack     at FSReqWrap.readFileAfterOpen [as oncomplete] (fs.js:324:13)
5 verbose cwd /Users/cristianrios/Documents/Proyectos/2015-ecommerce/braintree-client
6 error Darwin 15.0.0
7 error argv "/usr/local/Cellar/node/5.0.0/bin/node" "/Users/cristianrios/.node/bin/npm" "run" "start"
8 error node v5.0.0
9 error npm  v3.4.0
10 error missing script: start
11 error If you need help, you may report this error at:
11 error     <https://github.com/npm/npm/issues>
12 verbose exit [ 1, true ]
